<?xml version="1.0" encoding="UTF-8"?>
<!-- Generated by org.testng.reporters.JUnitReportReporter -->
<testsuite hostname="DESKTOP-NU5P6OO" failures="0" tests="3" name="demoTest.test4" time="0.027" errors="0" timestamp="2023-01-02T21:06:20 IST" skipped="0">
  <testcase classname="demoTest.test4" name="test5" time="0.004"/>
  <system-out/>
  <testcase classname="demoTest.test4" name="test6" time="0.004"/>
  <system-out/>
  <testcase classname="demoTest.test4" name="test2" time="0.019"/>
  <system-out/>
</testsuite> <!-- demoTest.test4 -->
