<?xml version="1.0" encoding="UTF-8"?>
<!-- Generated by org.testng.reporters.JUnitReportReporter -->
<testsuite hostname="DESKTOP-NU5P6OO" failures="0" tests="12" name="demoTest.test_1" time="2.071" errors="0" timestamp="2023-01-02T20:36:18 IST" skipped="0">
  <testcase classname="demoTest.test_1" name="test1" time="1.297"/>
  <system-out/>
  <testcase classname="demoTest.test_1" name="test_3" time="0.054"/>
  <system-out/>
  <testcase classname="demoTest.test_1" name="test10" time="0.085"/>
  <system-out/>
  <testcase classname="demoTest.test_1" name="test7" time="0.058"/>
  <system-out/>
  <testcase classname="demoTest.test_1" name="test4" time="0.055"/>
  <system-out/>
  <testcase classname="demoTest.test_1" name="test6" time="0.063"/>
  <system-out/>
  <testcase classname="demoTest.test_1" name="test9" time="0.075"/>
  <system-out/>
  <testcase classname="demoTest.test_1" name="test12" time="0.081"/>
  <system-out/>
  <testcase classname="demoTest.test_1" name="test5" time="0.062"/>
  <system-out/>
  <testcase classname="demoTest.test_1" name="test11" time="0.075"/>
  <system-out/>
  <testcase classname="demoTest.test_1" name="test8" time="0.117"/>
  <system-out/>
  <testcase classname="demoTest.test_1" name="test_2" time="0.049"/>
  <system-out/>
</testsuite> <!-- demoTest.test_1 -->
