<?xml version="1.0" encoding="UTF-8"?>
<!-- Generated by org.testng.reporters.JUnitReportReporter -->
<testsuite hostname="DESKTOP-NU5P6OO" failures="0" tests="2" name="demoTest.test3" time="0.022" errors="0" timestamp="2023-01-02T20:42:55 IST" skipped="0">
  <testcase classname="demoTest.test3" name="test3" time="0.018"/>
  <system-out/>
  <testcase classname="demoTest.test3" name="test3" time="0.004"/>
  <system-out/>
</testsuite> <!-- demoTest.test3 -->
