<?xml version="1.0" encoding="UTF-8"?>
<!-- Generated by org.testng.reporters.JUnitReportReporter -->
<testsuite hostname="DESKTOP-NU5P6OO" failures="0" tests="3" name="demoTest.test_suite" time="0.017" errors="0" timestamp="2023-01-02T11:13:16 IST" skipped="0">
  <testcase classname="demoTest.test_suite" name="test2" time="0.004"/>
  <system-out/>
  <testcase classname="demoTest.test_suite" name="test1" time="0.009"/>
  <system-out/>
  <testcase classname="demoTest.test_suite" name="test3" time="0.004"/>
  <system-out/>
</testsuite> <!-- demoTest.test_suite -->
