<?xml version="1.0" encoding="UTF-8"?>
<!-- Generated by org.testng.reporters.JUnitReportReporter -->
<testsuite hostname="DESKTOP-NU5P6OO" failures="0" tests="3" name="demoTest.suite2a" time="106.592" errors="0" timestamp="2023-01-02T11:13:16 IST" skipped="0">
  <testcase classname="demoTest.suite2a" name="Test3" time="13.345"/>
  <system-out/>
  <testcase classname="demoTest.suite2a" name="test1" time="30.033"/>
  <system-out/>
  <testcase classname="demoTest.suite2a" name="Test2" time="63.214"/>
  <system-out/>
</testsuite> <!-- demoTest.suite2a -->
