<?xml version="1.0" encoding="UTF-8"?>
<!-- Generated by org.testng.reporters.JUnitReportReporter -->
<testsuite hostname="DESKTOP-NU5P6OO" failures="0" tests="4" name="demoTest.Tesr_Before" time="40.981" errors="0" timestamp="2023-01-02T20:42:55 IST" skipped="0">
  <testcase classname="demoTest.Tesr_Before" name="testh" time="8.036"/>
  <system-out/>
  <testcase classname="demoTest.Tesr_Before" name="testz" time="8.476"/>
  <system-out/>
  <testcase classname="demoTest.Tesr_Before" name="testv" time="11.523"/>
  <system-out/>
  <testcase classname="demoTest.Tesr_Before" name="testG" time="12.946"/>
  <system-out/>
</testsuite> <!-- demoTest.Tesr_Before -->
