<?xml version="1.0" encoding="UTF-8"?>
<!-- Generated by org.testng.reporters.JUnitReportReporter -->
<testsuite hostname="DESKTOP-NU5P6OO" failures="0" tests="3" name="demoTest.suite2" time="0.008" errors="0" timestamp="2023-01-02T20:42:55 IST" skipped="0">
  <testcase classname="demoTest.suite2" name="test1" time="0.003"/>
  <system-out/>
  <testcase classname="demoTest.suite2" name="test3" time="0.002"/>
  <system-out/>
  <testcase classname="demoTest.suite2" name="test2" time="0.003"/>
  <system-out/>
</testsuite> <!-- demoTest.suite2 -->
