<?xml version="1.0" encoding="UTF-8"?>
<!-- Generated by org.testng.reporters.JUnitReportReporter -->
<testsuite hostname="DESKTOP-NU5P6OO" failures="0" tests="2" name="test_11.locators" time="11.638" errors="0" timestamp="2023-01-09T13:32:32 IST" skipped="0">
  <testcase classname="test_11.locators" name="find_elements" time="5.273"/>
  <system-out/>
  <testcase classname="test_11.locators" name="find_elements" time="6.365"/>
  <system-out/>
</testsuite> <!-- test_11.locators -->
