<?xml version="1.0" encoding="UTF-8"?>
<!-- Generated by org.testng.reporters.JUnitReportReporter -->
<testsuite hostname="DESKTOP-NU5P6OO" failures="0" tests="2" name="crossBrouserTesting.login" time="2.149" errors="0" timestamp="2023-01-03T12:09:01 IST" skipped="0">
  <testcase classname="crossBrouserTesting.login" name="verifylogin" time="1.102"/>
  <system-out/>
  <testcase classname="crossBrouserTesting.login" name="verifylogin" time="1.047"/>
  <system-out/>
</testsuite> <!-- crossBrouserTesting.login -->
