<?xml version="1.0" encoding="UTF-8"?>
<!-- Generated by org.testng.reporters.JUnitReportReporter -->
<testsuite hostname="DESKTOP-NU5P6OO" failures="0" tests="3" name="demoTest.test3a" time="0.025" errors="0" timestamp="2023-01-02T11:13:16 IST" skipped="0">
  <testcase classname="demoTest.test3a" name="testA" time="0.007"/>
  <system-out/>
  <testcase classname="demoTest.test3a" name="testB" time="0.012"/>
  <system-out/>
  <testcase classname="demoTest.test3a" name="testC" time="0.006"/>
  <system-out/>
</testsuite> <!-- demoTest.test3a -->
