<?xml version="1.0" encoding="UTF-8"?>
<!-- Generated by org.testng.reporters.JUnitReportReporter -->
<testsuite hostname="DESKTOP-NU5P6OO" failures="0" tests="2" name="Pom.Test_login1" time="13.427" errors="0" timestamp="2023-01-05T10:17:38 IST" skipped="0">
  <testcase classname="Pom.Test_login1" name="test_1" time="8.968"/>
  <system-out/>
  <testcase classname="Pom.Test_login1" name="verify_Login_Valid" time="4.459"/>
  <system-out/>
</testsuite> <!-- Pom.Test_login1 -->
